Using pre-set license
Built from '2020.3/staging' branch; Version is '2020.3.19f1 (68f137dc9bbe) revision 6877495'; Using compiler version '192528614'; Build Type 'Release'
OS: 'Windows 10 Home; OS build 19043.928; Version 2009; 64bit' Language: 'en' Physical Memory: 15792 MB
BatchMode: 1, IsHumanControllingUs: 0, StartBugReporterOnCrash: 0, Is64bit: 1, IsPro: 0

COMMAND LINE ARGUMENTS:
C:\Program Files\Unity\Hub\Editor\2020.3.19f1\Editor\Unity.exe
-adb2
-batchMode
-noUpm
-name
AssetImportWorker0
-projectPath
C:/Users/hpluto/Documents/GitHub/csma_302_3
-logFile
Logs/AssetImportWorker0.log
-srvPort
62995
Successfully changed project path to: C:/Users/hpluto/Documents/GitHub/csma_302_3
C:/Users/hpluto/Documents/GitHub/csma_302_3
Using Asset Import Pipeline V2.
Refreshing native plugins compatible for Editor in 19.75 ms, found 2 plugins.
Preloading 0 native plugins for Editor in 0.00 ms.
Initialize engine version: 2020.3.19f1 (68f137dc9bbe)
[Subsystems] Discovering subsystems at path C:/Program Files/Unity/Hub/Editor/2020.3.19f1/Editor/Data/Resources/UnitySubsystems
[Subsystems] Discovering subsystems at path C:/Users/hpluto/Documents/GitHub/csma_302_3/Assets
GfxDevice: creating device client; threaded=0
Direct3D:
    Version:  Direct3D 11.0 [level 11.1]
    Renderer: NVIDIA GeForce RTX 3060 Laptop GPU (ID=0x2520)
    Vendor:   
    VRAM:     6023 MB
    Driver:   30.0.14.7212
Initialize mono
Mono path[0] = 'C:/Program Files/Unity/Hub/Editor/2020.3.19f1/Editor/Data/Managed'
Mono path[1] = 'C:/Program Files/Unity/Hub/Editor/2020.3.19f1/Editor/Data/MonoBleedingEdge/lib/mono/unityjit'
Mono config path = 'C:/Program Files/Unity/Hub/Editor/2020.3.19f1/Editor/Data/MonoBleedingEdge/etc'
Using monoOptions --debugger-agent=transport=dt_socket,embedding=1,server=y,suspend=n,address=127.0.0.1:56196
Begin MonoManager ReloadAssembly
Registering precompiled unity dll's ...
Register platform support module: C:/Program Files/Unity/Hub/Editor/2020.3.19f1/Editor/Data/PlaybackEngines/WindowsStandaloneSupport/UnityEditor.WindowsStandalone.Extensions.dll
Registered in 0.001378 seconds.
Native extension for WindowsStandalone target not found
Refreshing native plugins compatible for Editor in 19.83 ms, found 2 plugins.
Preloading 0 native plugins for Editor in 0.00 ms.
Mono: successfully reloaded assembly
- Completed reload, in  0.703 seconds
Domain Reload Profiling:
	ReloadAssembly (703ms)
		BeginReloadAssembly (35ms)
			ExecutionOrderSort (0ms)
			DisableScriptedObjects (0ms)
			BackupInstance (0ms)
			ReleaseScriptingObjects (0ms)
			CreateAndSetChildDomain (1ms)
		EndReloadAssembly (266ms)
			LoadAssemblies (34ms)
			RebuildTransferFunctionScriptingTraits (0ms)
			SetupTypeCache (95ms)
			ReleaseScriptCaches (0ms)
			RebuildScriptCaches (18ms)
			SetupLoadedEditorAssemblies (104ms)
				LogAssemblyErrors (0ms)
				InitializePlatformSupportModulesInManaged (3ms)
				SetLoadedEditorAssemblies (0ms)
				RefreshPlugins (20ms)
				BeforeProcessingInitializeOnLoad (5ms)
				ProcessInitializeOnLoadAttributes (55ms)
				ProcessInitializeOnLoadMethodAttributes (21ms)
				AfterProcessingInitializeOnLoad (0ms)
				EditorAssembliesLoaded (0ms)
			ExecutionOrderSort2 (0ms)
			AwakeInstancesAfterBackupRestoration (0ms)
Platform modules already initialized, skipping
Registering precompiled user dll's ...
Registered in 0.001999 seconds.
Begin MonoManager ReloadAssembly
Native extension for WindowsStandalone target not found
Refreshing native plugins compatible for Editor in 0.29 ms, found 2 plugins.
Preloading 0 native plugins for Editor in 0.00 ms.
Mono: successfully reloaded assembly
- Completed reload, in  0.633 seconds
Domain Reload Profiling:
	ReloadAssembly (633ms)
		BeginReloadAssembly (94ms)
			ExecutionOrderSort (0ms)
			DisableScriptedObjects (3ms)
			BackupInstance (0ms)
			ReleaseScriptingObjects (0ms)
			CreateAndSetChildDomain (15ms)
		EndReloadAssembly (496ms)
			LoadAssemblies (56ms)
			RebuildTransferFunctionScriptingTraits (0ms)
			SetupTypeCache (168ms)
			ReleaseScriptCaches (0ms)
			RebuildScriptCaches (25ms)
			SetupLoadedEditorAssemblies (191ms)
				LogAssemblyErrors (0ms)
				InitializePlatformSupportModulesInManaged (4ms)
				SetLoadedEditorAssemblies (0ms)
				RefreshPlugins (0ms)
				BeforeProcessingInitializeOnLoad (37ms)
				ProcessInitializeOnLoadAttributes (142ms)
				ProcessInitializeOnLoadMethodAttributes (3ms)
				AfterProcessingInitializeOnLoad (4ms)
				EditorAssembliesLoaded (0ms)
			ExecutionOrderSort2 (0ms)
			AwakeInstancesAfterBackupRestoration (5ms)
Platform modules already initialized, skipping
========================================================================
Worker process is ready to serve import requests
Launched and connected shader compiler UnityShaderCompiler.exe after 0.04 seconds
Refreshing native plugins compatible for Editor in 0.49 ms, found 2 plugins.
Preloading 0 native plugins for Editor in 0.00 ms.
Unloading 1402 Unused Serialized files (Serialized files now loaded: 0)
System memory in use before: 65.0 MB.
System memory in use after: 65.1 MB.

Unloading 16 unused Assets to reduce memory usage. Loaded Objects now: 1837.
Total: 2.538600 ms (FindLiveObjects: 0.160100 ms CreateObjectMapping: 0.073400 ms MarkObjects: 2.247300 ms  DeleteObjects: 0.057100 ms)

AssetImportParameters requested are different than current active one (requested -> active):
  custom:framework-win-MediaFoundation: 216162199b28c13a410421893ffa2e32 -> 
  custom:video-decoder-ogg-theora: a1e56fd34408186e4bbccfd4996cb3dc -> 
  custom:container-muxer-webm: aa71ff27fc2769a1b78a27578f13a17b -> 
  custom:container-demuxer-webm: 4f35f7cbe854078d1ac9338744f61a02 -> 
  custom:container-demuxer-ogg: 62fdf1f143b41e24485cea50d1cbac27 -> 
  custom:video-encoder-webm-vp8: eb34c28f22e8b96e1ab97ce403110664 -> 
  custom:video-decoder-webm-vp8: 9c59270c3fd7afecdb556c50c9e8de78 -> 
  custom:audio-decoder-ogg-vorbis: bf7c407c2cedff20999df2af8eb42d56 -> 
  custom:audio-encoder-webm-vorbis: bf7c407c2cedff20999df2af8eb42d56 -> 
========================================================================
Received Import Request.
  path: Assets/Scenes
  artifactKey: Guid(4d5c3a018fe36144f9d11eaf7b179cd1) Importer(815301076,1909f56bfc062723c751e8b465ee728b)
Start importing Assets/Scenes using Guid(4d5c3a018fe36144f9d11eaf7b179cd1) Importer(815301076,1909f56bfc062723c751e8b465ee728b)  -> (artifact id: 'a5ed9ad3c07c5629eeda821b1b39ab2a') in 0.007713 seconds 
  Import took 0.009621 seconds .

========================================================================
Received Import Request.
  Time since last request: 7.219551 seconds.
  path: Assets/Scenes/conway.unity
  artifactKey: Guid(abecc28f62f69f44fbb5c10b4ceb97b5) Importer(815301076,1909f56bfc062723c751e8b465ee728b)
Start importing Assets/Scenes/conway.unity using Guid(abecc28f62f69f44fbb5c10b4ceb97b5) Importer(815301076,1909f56bfc062723c751e8b465ee728b)  -> (artifact id: '8c1d9a866f2459f83f82b0eadfed9832') in 0.028140 seconds 
  Import took 0.030204 seconds .

========================================================================
Received Prepare
Registering precompiled user dll's ...
Registered in 0.001803 seconds.
Begin MonoManager ReloadAssembly
Native extension for WindowsStandalone target not found
Refreshing native plugins compatible for Editor in 0.30 ms, found 2 plugins.
Preloading 0 native plugins for Editor in 0.00 ms.
Mono: successfully reloaded assembly
- Completed reload, in  0.628 seconds
Domain Reload Profiling:
	ReloadAssembly (628ms)
		BeginReloadAssembly (99ms)
			ExecutionOrderSort (0ms)
			DisableScriptedObjects (3ms)
			BackupInstance (0ms)
			ReleaseScriptingObjects (0ms)
			CreateAndSetChildDomain (30ms)
		EndReloadAssembly (485ms)
			LoadAssemblies (65ms)
			RebuildTransferFunctionScriptingTraits (0ms)
			SetupTypeCache (167ms)
			ReleaseScriptCaches (1ms)
			RebuildScriptCaches (24ms)
			SetupLoadedEditorAssemblies (178ms)
				LogAssemblyErrors (0ms)
				InitializePlatformSupportModulesInManaged (4ms)
				SetLoadedEditorAssemblies (0ms)
				RefreshPlugins (0ms)
				BeforeProcessingInitializeOnLoad (34ms)
				ProcessInitializeOnLoadAttributes (132ms)
				ProcessInitializeOnLoadMethodAttributes (3ms)
				AfterProcessingInitializeOnLoad (5ms)
				EditorAssembliesLoaded (0ms)
			ExecutionOrderSort2 (0ms)
			AwakeInstancesAfterBackupRestoration (4ms)
Platform modules already initialized, skipping
Refreshing native plugins compatible for Editor in 0.27 ms, found 2 plugins.
Preloading 0 native plugins for Editor in 0.00 ms.
Unloading 1395 Unused Serialized files (Serialized files now loaded: 0)
System memory in use before: 64.8 MB.
System memory in use after: 64.9 MB.

Unloading 11 unused Assets to reduce memory usage. Loaded Objects now: 1839.
Total: 2.133100 ms (FindLiveObjects: 0.141400 ms CreateObjectMapping: 0.052000 ms MarkObjects: 1.922700 ms  DeleteObjects: 0.015900 ms)

AssetImportParameters requested are different than current active one (requested -> active):
  custom:framework-win-MediaFoundation: 216162199b28c13a410421893ffa2e32 -> 
  custom:video-decoder-ogg-theora: a1e56fd34408186e4bbccfd4996cb3dc -> 
  custom:container-muxer-webm: aa71ff27fc2769a1b78a27578f13a17b -> 
  custom:container-demuxer-webm: 4f35f7cbe854078d1ac9338744f61a02 -> 
  custom:container-demuxer-ogg: 62fdf1f143b41e24485cea50d1cbac27 -> 
  custom:video-encoder-webm-vp8: eb34c28f22e8b96e1ab97ce403110664 -> 
  custom:video-decoder-webm-vp8: 9c59270c3fd7afecdb556c50c9e8de78 -> 
  custom:audio-decoder-ogg-vorbis: bf7c407c2cedff20999df2af8eb42d56 -> 
  custom:audio-encoder-webm-vorbis: bf7c407c2cedff20999df2af8eb42d56 -> 
========================================================================
Received Import Request.
  Time since last request: 94.699607 seconds.
  path: Assets/Scenes/rockPaperScissoors.unity
  artifactKey: Guid(70cb936dc4d2b7d44b10d66245a3e38d) Importer(815301076,1909f56bfc062723c751e8b465ee728b)
Start importing Assets/Scenes/rockPaperScissoors.unity using Guid(70cb936dc4d2b7d44b10d66245a3e38d) Importer(815301076,1909f56bfc062723c751e8b465ee728b)  -> (artifact id: '4a18174ef39514abf84299207229ab9a') in 0.025460 seconds 
  Import took 0.027797 seconds .

========================================================================
Received Import Request.
  Time since last request: 7.199164 seconds.
  path: Assets/Scripts
  artifactKey: Guid(cf1068278b2e63241b81465227d8f62e) Importer(815301076,1909f56bfc062723c751e8b465ee728b)
Start importing Assets/Scripts using Guid(cf1068278b2e63241b81465227d8f62e) Importer(815301076,1909f56bfc062723c751e8b465ee728b)  -> (artifact id: '10a4255995170514f99ca5165784bb81') in 0.008070 seconds 
  Import took 0.010180 seconds .

========================================================================
Received Import Request.
  Time since last request: 0.728528 seconds.
  path: Assets/shader
  artifactKey: Guid(a70b203fb4aadd54490c908c53e2015d) Importer(815301076,1909f56bfc062723c751e8b465ee728b)
Start importing Assets/shader using Guid(a70b203fb4aadd54490c908c53e2015d) Importer(815301076,1909f56bfc062723c751e8b465ee728b)  -> (artifact id: '87e4a66459fac24c1dc609bb14af31bf') in 0.007408 seconds 
  Import took 0.009577 seconds .

========================================================================
Received Import Request.
  Time since last request: 0.048994 seconds.
  path: Assets/shader/clear.compute
  artifactKey: Guid(16feea3fcc0adfa47843a9bf08c08b9b) Importer(815301076,1909f56bfc062723c751e8b465ee728b)
Start importing Assets/shader/clear.compute using Guid(16feea3fcc0adfa47843a9bf08c08b9b) Importer(815301076,1909f56bfc062723c751e8b465ee728b)  -> (artifact id: '87d705eefb22e848cc95d9e93c1ef93f') in 0.015679 seconds 
  Import took 0.017758 seconds .

========================================================================
Received Import Request.
  Time since last request: 0.000158 seconds.
  path: Assets/shader/RockPaperScissors.compute
  artifactKey: Guid(e12d44af8971c254b91726e1d6a8d2b0) Importer(815301076,1909f56bfc062723c751e8b465ee728b)
Start importing Assets/shader/RockPaperScissors.compute using Guid(e12d44af8971c254b91726e1d6a8d2b0) Importer(815301076,1909f56bfc062723c751e8b465ee728b)  -> (artifact id: 'a6d52a63139664013ce1b9260d9b58c6') in 0.006481 seconds 
  Import took 0.008340 seconds .

========================================================================
Received Import Request.
  Time since last request: 0.000182 seconds.
  path: Assets/shader/test.compute
  artifactKey: Guid(520edc788feebcd4c92e4b8eb64d41d5) Importer(815301076,1909f56bfc062723c751e8b465ee728b)
Start importing Assets/shader/test.compute using Guid(520edc788feebcd4c92e4b8eb64d41d5) Importer(815301076,1909f56bfc062723c751e8b465ee728b)  -> (artifact id: 'a1d023ff73e2060729101ff3be1e1f79') in 0.006780 seconds 
  Import took 0.009199 seconds .

========================================================================
Received Import Request.
  Time since last request: 0.000149 seconds.
  path: Assets/shader/wolfram.compute
  artifactKey: Guid(ed58cccf42ba07f428c97984c6e84b30) Importer(815301076,1909f56bfc062723c751e8b465ee728b)
Start importing Assets/shader/wolfram.compute using Guid(ed58cccf42ba07f428c97984c6e84b30) Importer(815301076,1909f56bfc062723c751e8b465ee728b)  -> (artifact id: 'f2a395bbf7516fc50094fa2f3045ed26') in 0.005578 seconds 
  Import took 0.007568 seconds .

========================================================================
Received Import Request.
  Time since last request: 0.000218 seconds.
  path: Assets/shader/reactionDiffusion.compute
  artifactKey: Guid(06637d4368bd69340ae98c042ade2e62) Importer(815301076,1909f56bfc062723c751e8b465ee728b)
Start importing Assets/shader/reactionDiffusion.compute using Guid(06637d4368bd69340ae98c042ade2e62) Importer(815301076,1909f56bfc062723c751e8b465ee728b)  -> (artifact id: '8979ca485f03d9c857b691a4a86c19f1') in 0.005799 seconds 
  Import took 0.008074 seconds .

========================================================================
Received Import Request.
  Time since last request: 0.000220 seconds.
  path: Assets/shader/mouseDrawRGB.compute
  artifactKey: Guid(d7f35c7b322d32141a2d846c554a052f) Importer(815301076,1909f56bfc062723c751e8b465ee728b)
Start importing Assets/shader/mouseDrawRGB.compute using Guid(d7f35c7b322d32141a2d846c554a052f) Importer(815301076,1909f56bfc062723c751e8b465ee728b)  -> (artifact id: '656939d843624a4b9626e68ddc312bbe') in 0.005812 seconds 
  Import took 0.008221 seconds .

========================================================================
Received Import Request.
  Time since last request: 0.000136 seconds.
  path: Assets/shader/conway.compute
  artifactKey: Guid(0392a90707a67804a946d226a9987708) Importer(815301076,1909f56bfc062723c751e8b465ee728b)
Start importing Assets/shader/conway.compute using Guid(0392a90707a67804a946d226a9987708) Importer(815301076,1909f56bfc062723c751e8b465ee728b)  -> (artifact id: '35a913c01e361c974c72dc8dc6898a31') in 0.006846 seconds 
  Import took 0.009609 seconds .

========================================================================
Received Import Request.
  Time since last request: 0.000146 seconds.
  path: Assets/shader/mouseDraw.compute
  artifactKey: Guid(be5997f53f7e3894b9a222ebe50a0dc9) Importer(815301076,1909f56bfc062723c751e8b465ee728b)
Start importing Assets/shader/mouseDraw.compute using Guid(be5997f53f7e3894b9a222ebe50a0dc9) Importer(815301076,1909f56bfc062723c751e8b465ee728b)  -> (artifact id: '1395466ac329f0b3851934f9ec6ea428') in 0.006868 seconds 
  Import took 0.009651 seconds .

========================================================================
Received Import Request.
  Time since last request: 158.219876 seconds.
  path: Assets/shader/RockPaperScissors.compute
  artifactKey: Guid(e12d44af8971c254b91726e1d6a8d2b0) Importer(815301076,1909f56bfc062723c751e8b465ee728b)
Start importing Assets/shader/RockPaperScissors.compute using Guid(e12d44af8971c254b91726e1d6a8d2b0) Importer(815301076,1909f56bfc062723c751e8b465ee728b)  -> (artifact id: '44fb2228e7818c3b3aec7edb6f31a3f9') in 0.002423 seconds 
  Import took 0.004867 seconds .

========================================================================
Received Prepare
Registering precompiled user dll's ...
Registered in 0.002434 seconds.
Begin MonoManager ReloadAssembly
Native extension for WindowsStandalone target not found
Refreshing native plugins compatible for Editor in 0.30 ms, found 2 plugins.
Preloading 0 native plugins for Editor in 0.00 ms.
Mono: successfully reloaded assembly
- Completed reload, in  0.752 seconds
Domain Reload Profiling:
	ReloadAssembly (752ms)
		BeginReloadAssembly (138ms)
			ExecutionOrderSort (0ms)
			DisableScriptedObjects (4ms)
			BackupInstance (0ms)
			ReleaseScriptingObjects (0ms)
			CreateAndSetChildDomain (52ms)
		EndReloadAssembly (527ms)
			LoadAssemblies (89ms)
			RebuildTransferFunctionScriptingTraits (0ms)
			SetupTypeCache (183ms)
			ReleaseScriptCaches (1ms)
			RebuildScriptCaches (22ms)
			SetupLoadedEditorAssemblies (190ms)
				LogAssemblyErrors (0ms)
				InitializePlatformSupportModulesInManaged (4ms)
				SetLoadedEditorAssemblies (0ms)
				RefreshPlugins (0ms)
				BeforeProcessingInitializeOnLoad (34ms)
				ProcessInitializeOnLoadAttributes (144ms)
				ProcessInitializeOnLoadMethodAttributes (3ms)
				AfterProcessingInitializeOnLoad (5ms)
				EditorAssembliesLoaded (0ms)
			ExecutionOrderSort2 (0ms)
			AwakeInstancesAfterBackupRestoration (5ms)
Platform modules already initialized, skipping
Refreshing native plugins compatible for Editor in 0.27 ms, found 2 plugins.
Preloading 0 native plugins for Editor in 0.00 ms.
Unloading 1395 Unused Serialized files (Serialized files now loaded: 0)
System memory in use before: 64.8 MB.
System memory in use after: 64.9 MB.

Unloading 11 unused Assets to reduce memory usage. Loaded Objects now: 1841.
Total: 2.132000 ms (FindLiveObjects: 0.133900 ms CreateObjectMapping: 0.031400 ms MarkObjects: 1.953600 ms  DeleteObjects: 0.012400 ms)

AssetImportParameters requested are different than current active one (requested -> active):
  custom:framework-win-MediaFoundation: 216162199b28c13a410421893ffa2e32 -> 
  custom:video-decoder-ogg-theora: a1e56fd34408186e4bbccfd4996cb3dc -> 
  custom:container-muxer-webm: aa71ff27fc2769a1b78a27578f13a17b -> 
  custom:container-demuxer-webm: 4f35f7cbe854078d1ac9338744f61a02 -> 
  custom:container-demuxer-ogg: 62fdf1f143b41e24485cea50d1cbac27 -> 
  custom:video-encoder-webm-vp8: eb34c28f22e8b96e1ab97ce403110664 -> 
  custom:video-decoder-webm-vp8: 9c59270c3fd7afecdb556c50c9e8de78 -> 
  custom:audio-decoder-ogg-vorbis: bf7c407c2cedff20999df2af8eb42d56 -> 
  custom:audio-encoder-webm-vorbis: bf7c407c2cedff20999df2af8eb42d56 -> 
========================================================================
Received Import Request.
  Time since last request: 25.677736 seconds.
  path: Assets/Scripts/rockPaperScissors.cs
  artifactKey: Guid(7fad23cc46c088344baa6c311ad97708) Importer(815301076,1909f56bfc062723c751e8b465ee728b)
Start importing Assets/Scripts/rockPaperScissors.cs using Guid(7fad23cc46c088344baa6c311ad97708) Importer(815301076,1909f56bfc062723c751e8b465ee728b)  -> (artifact id: '2bfeb3522ed2a9a04c256b687f8abe0d') in 0.050961 seconds 
  Import took 0.053087 seconds .

========================================================================
Received Import Request.
  Time since last request: 197.792006 seconds.
  path: Assets/Scripts/reactionDiffusion.cs
  artifactKey: Guid(cc0296795af49944bad6a4a590710e00) Importer(815301076,1909f56bfc062723c751e8b465ee728b)
Start importing Assets/Scripts/reactionDiffusion.cs using Guid(cc0296795af49944bad6a4a590710e00) Importer(815301076,1909f56bfc062723c751e8b465ee728b)  -> (artifact id: '0216de8550993d3e95b6f14474c70235') in 0.001889 seconds 
  Import took 0.003772 seconds .

========================================================================
Received Import Request.
  Time since last request: 0.653723 seconds.
  path: Assets/Scripts/CellularAutomata.cs
  artifactKey: Guid(0e61565eadb4fc541baa9bca9d175eee) Importer(815301076,1909f56bfc062723c751e8b465ee728b)
Start importing Assets/Scripts/CellularAutomata.cs using Guid(0e61565eadb4fc541baa9bca9d175eee) Importer(815301076,1909f56bfc062723c751e8b465ee728b)  -> (artifact id: 'a7b5c37f3a3958644675adc7eb05dce7') in 0.006658 seconds 
  Import took 0.009362 seconds .

========================================================================
Received Prepare
Registering precompiled user dll's ...
Registered in 0.001939 seconds.
Begin MonoManager ReloadAssembly
Native extension for WindowsStandalone target not found
Refreshing native plugins compatible for Editor in 0.32 ms, found 2 plugins.
Preloading 0 native plugins for Editor in 0.00 ms.
Mono: successfully reloaded assembly
- Completed reload, in  0.615 seconds
Domain Reload Profiling:
	ReloadAssembly (616ms)
		BeginReloadAssembly (85ms)
			ExecutionOrderSort (0ms)
			DisableScriptedObjects (3ms)
			BackupInstance (0ms)
			ReleaseScriptingObjects (0ms)
			CreateAndSetChildDomain (25ms)
		EndReloadAssembly (483ms)
			LoadAssemblies (59ms)
			RebuildTransferFunctionScriptingTraits (0ms)
			SetupTypeCache (164ms)
			ReleaseScriptCaches (1ms)
			RebuildScriptCaches (22ms)
			SetupLoadedEditorAssemblies (178ms)
				LogAssemblyErrors (0ms)
				InitializePlatformSupportModulesInManaged (4ms)
				SetLoadedEditorAssemblies (0ms)
				RefreshPlugins (0ms)
				BeforeProcessingInitializeOnLoad (33ms)
				ProcessInitializeOnLoadAttributes (133ms)
				ProcessInitializeOnLoadMethodAttributes (3ms)
				AfterProcessingInitializeOnLoad (5ms)
				EditorAssembliesLoaded (0ms)
			ExecutionOrderSort2 (0ms)
			AwakeInstancesAfterBackupRestoration (5ms)
Platform modules already initialized, skipping
Refreshing native plugins compatible for Editor in 0.28 ms, found 2 plugins.
Preloading 0 native plugins for Editor in 0.00 ms.
Unloading 1395 Unused Serialized files (Serialized files now loaded: 0)
System memory in use before: 64.8 MB.
System memory in use after: 64.9 MB.

Unloading 11 unused Assets to reduce memory usage. Loaded Objects now: 1843.
Total: 2.108800 ms (FindLiveObjects: 0.128100 ms CreateObjectMapping: 0.035400 ms MarkObjects: 1.932800 ms  DeleteObjects: 0.011900 ms)

AssetImportParameters requested are different than current active one (requested -> active):
  custom:framework-win-MediaFoundation: 216162199b28c13a410421893ffa2e32 -> 
  custom:video-decoder-ogg-theora: a1e56fd34408186e4bbccfd4996cb3dc -> 
  custom:container-muxer-webm: aa71ff27fc2769a1b78a27578f13a17b -> 
  custom:container-demuxer-webm: 4f35f7cbe854078d1ac9338744f61a02 -> 
  custom:container-demuxer-ogg: 62fdf1f143b41e24485cea50d1cbac27 -> 
  custom:video-encoder-webm-vp8: eb34c28f22e8b96e1ab97ce403110664 -> 
  custom:video-decoder-webm-vp8: 9c59270c3fd7afecdb556c50c9e8de78 -> 
  custom:audio-decoder-ogg-vorbis: bf7c407c2cedff20999df2af8eb42d56 -> 
  custom:audio-encoder-webm-vorbis: bf7c407c2cedff20999df2af8eb42d56 -> 
========================================================================
Received Import Request.
  Time since last request: 234.562464 seconds.
  path: Assets/viz
  artifactKey: Guid(db7c3dba1d07772469d59faab8b879ec) Importer(815301076,1909f56bfc062723c751e8b465ee728b)
Start importing Assets/viz using Guid(db7c3dba1d07772469d59faab8b879ec) Importer(815301076,1909f56bfc062723c751e8b465ee728b)  -> (artifact id: '25ca95bf0597e3d5ba78a26ffddd80d7') in 0.008330 seconds 
  Import took 0.010435 seconds .

========================================================================
Received Import Request.
  Time since last request: 0.048634 seconds.
  path: Assets/viz/colormap.png
  artifactKey: Guid(f8bc03cbe9e8d764796a2866023b2fff) Importer(815301076,1909f56bfc062723c751e8b465ee728b)
Start importing Assets/viz/colormap.png using Guid(f8bc03cbe9e8d764796a2866023b2fff) Importer(815301076,1909f56bfc062723c751e8b465ee728b)  -> (artifact id: '329ba810748b03cb0f1c6e6dc73e18b7') in 0.054232 seconds 
  Import took 0.056298 seconds .

========================================================================
Received Import Request.
  Time since last request: 0.000135 seconds.
  path: Assets/viz/conwayViz.mat
  artifactKey: Guid(5a266210cd280fc42ba008c18dc847f0) Importer(815301076,1909f56bfc062723c751e8b465ee728b)
Start importing Assets/viz/conwayViz.mat using Guid(5a266210cd280fc42ba008c18dc847f0) Importer(815301076,1909f56bfc062723c751e8b465ee728b)  -> (artifact id: '695305e4e64b8b8cbf297e06dc3c2e95') in 0.057447 seconds 
  Import took 0.059288 seconds .

========================================================================
Received Import Request.
  Time since last request: 0.000145 seconds.
  path: Assets/viz/reactionDiffusionView.mat
  artifactKey: Guid(3c340b37d0f703041bac338148fdc2fb) Importer(815301076,1909f56bfc062723c751e8b465ee728b)
Start importing Assets/viz/reactionDiffusionView.mat using Guid(3c340b37d0f703041bac338148fdc2fb) Importer(815301076,1909f56bfc062723c751e8b465ee728b)  -> (artifact id: '29170c6c2108f8266541fe7396c54a24') in 0.012360 seconds 
  Import took 0.014291 seconds .

========================================================================
Received Prepare
Registering precompiled user dll's ...
Registered in 0.002461 seconds.
Begin MonoManager ReloadAssembly
Native extension for WindowsStandalone target not found
Refreshing native plugins compatible for Editor in 0.92 ms, found 2 plugins.
Preloading 0 native plugins for Editor in 0.00 ms.
Mono: successfully reloaded assembly
- Completed reload, in  1.091 seconds
Domain Reload Profiling:
	ReloadAssembly (1092ms)
		BeginReloadAssembly (141ms)
			ExecutionOrderSort (0ms)
			DisableScriptedObjects (3ms)
			BackupInstance (0ms)
			ReleaseScriptingObjects (0ms)
			CreateAndSetChildDomain (60ms)
		EndReloadAssembly (849ms)
			LoadAssemblies (116ms)
			RebuildTransferFunctionScriptingTraits (0ms)
			SetupTypeCache (283ms)
			ReleaseScriptCaches (1ms)
			RebuildScriptCaches (43ms)
			SetupLoadedEditorAssemblies (315ms)
				LogAssemblyErrors (0ms)
				InitializePlatformSupportModulesInManaged (5ms)
				SetLoadedEditorAssemblies (0ms)
				RefreshPlugins (1ms)
				BeforeProcessingInitializeOnLoad (52ms)
				ProcessInitializeOnLoadAttributes (247ms)
				ProcessInitializeOnLoadMethodAttributes (4ms)
				AfterProcessingInitializeOnLoad (6ms)
				EditorAssembliesLoaded (0ms)
			ExecutionOrderSort2 (0ms)
			AwakeInstancesAfterBackupRestoration (7ms)
Platform modules already initialized, skipping
Refreshing native plugins compatible for Editor in 0.67 ms, found 2 plugins.
Preloading 0 native plugins for Editor in 0.00 ms.
Unloading 1395 Unused Serialized files (Serialized files now loaded: 0)
System memory in use before: 68.2 MB.
System memory in use after: 68.3 MB.

Unloading 11 unused Assets to reduce memory usage. Loaded Objects now: 1887.
Total: 4.548500 ms (FindLiveObjects: 0.353700 ms CreateObjectMapping: 0.097900 ms MarkObjects: 4.062300 ms  DeleteObjects: 0.033200 ms)

AssetImportParameters requested are different than current active one (requested -> active):
  custom:framework-win-MediaFoundation: 216162199b28c13a410421893ffa2e32 -> 
  custom:video-decoder-ogg-theora: a1e56fd34408186e4bbccfd4996cb3dc -> 
  custom:container-muxer-webm: aa71ff27fc2769a1b78a27578f13a17b -> 
  custom:container-demuxer-webm: 4f35f7cbe854078d1ac9338744f61a02 -> 
  custom:container-demuxer-ogg: 62fdf1f143b41e24485cea50d1cbac27 -> 
  custom:video-encoder-webm-vp8: eb34c28f22e8b96e1ab97ce403110664 -> 
  custom:video-decoder-webm-vp8: 9c59270c3fd7afecdb556c50c9e8de78 -> 
  custom:audio-decoder-ogg-vorbis: bf7c407c2cedff20999df2af8eb42d56 -> 
  custom:audio-encoder-webm-vorbis: bf7c407c2cedff20999df2af8eb42d56 -> 
========================================================================
Received Prepare
Registering precompiled user dll's ...
Registered in 0.001882 seconds.
Begin MonoManager ReloadAssembly
Native extension for WindowsStandalone target not found
Refreshing native plugins compatible for Editor in 0.30 ms, found 2 plugins.
Preloading 0 native plugins for Editor in 0.00 ms.
Mono: successfully reloaded assembly
- Completed reload, in  0.622 seconds
Domain Reload Profiling:
	ReloadAssembly (622ms)
		BeginReloadAssembly (92ms)
			ExecutionOrderSort (0ms)
			DisableScriptedObjects (3ms)
			BackupInstance (0ms)
			ReleaseScriptingObjects (0ms)
			CreateAndSetChildDomain (27ms)
		EndReloadAssembly (484ms)
			LoadAssemblies (57ms)
			RebuildTransferFunctionScriptingTraits (0ms)
			SetupTypeCache (168ms)
			ReleaseScriptCaches (1ms)
			RebuildScriptCaches (23ms)
			SetupLoadedEditorAssemblies (177ms)
				LogAssemblyErrors (0ms)
				InitializePlatformSupportModulesInManaged (4ms)
				SetLoadedEditorAssemblies (0ms)
				RefreshPlugins (0ms)
				BeforeProcessingInitializeOnLoad (33ms)
				ProcessInitializeOnLoadAttributes (132ms)
				ProcessInitializeOnLoadMethodAttributes (3ms)
				AfterProcessingInitializeOnLoad (4ms)
				EditorAssembliesLoaded (0ms)
			ExecutionOrderSort2 (0ms)
			AwakeInstancesAfterBackupRestoration (4ms)
Platform modules already initialized, skipping
Refreshing native plugins compatible for Editor in 0.27 ms, found 2 plugins.
Preloading 0 native plugins for Editor in 0.00 ms.
Unloading 1395 Unused Serialized files (Serialized files now loaded: 0)
System memory in use before: 68.2 MB.
System memory in use after: 68.3 MB.

Unloading 11 unused Assets to reduce memory usage. Loaded Objects now: 1889.
Total: 2.318900 ms (FindLiveObjects: 0.139700 ms CreateObjectMapping: 0.046200 ms MarkObjects: 2.118200 ms  DeleteObjects: 0.013900 ms)

AssetImportParameters requested are different than current active one (requested -> active):
  custom:framework-win-MediaFoundation: 216162199b28c13a410421893ffa2e32 -> 
  custom:video-decoder-ogg-theora: a1e56fd34408186e4bbccfd4996cb3dc -> 
  custom:container-muxer-webm: aa71ff27fc2769a1b78a27578f13a17b -> 
  custom:container-demuxer-webm: 4f35f7cbe854078d1ac9338744f61a02 -> 
  custom:container-demuxer-ogg: 62fdf1f143b41e24485cea50d1cbac27 -> 
  custom:video-encoder-webm-vp8: eb34c28f22e8b96e1ab97ce403110664 -> 
  custom:video-decoder-webm-vp8: 9c59270c3fd7afecdb556c50c9e8de78 -> 
  custom:audio-decoder-ogg-vorbis: bf7c407c2cedff20999df2af8eb42d56 -> 
  custom:audio-encoder-webm-vorbis: bf7c407c2cedff20999df2af8eb42d56 -> 
========================================================================
Received Prepare
Registering precompiled user dll's ...
Registered in 0.002015 seconds.
Begin MonoManager ReloadAssembly
Native extension for WindowsStandalone target not found
Refreshing native plugins compatible for Editor in 0.30 ms, found 2 plugins.
Preloading 0 native plugins for Editor in 0.00 ms.
Mono: successfully reloaded assembly
- Completed reload, in  0.602 seconds
Domain Reload Profiling:
	ReloadAssembly (602ms)
		BeginReloadAssembly (81ms)
			ExecutionOrderSort (0ms)
			DisableScriptedObjects (3ms)
			BackupInstance (0ms)
			ReleaseScriptingObjects (0ms)
			CreateAndSetChildDomain (24ms)
		EndReloadAssembly (479ms)
			LoadAssemblies (55ms)
			RebuildTransferFunctionScriptingTraits (0ms)
			SetupTypeCache (165ms)
			ReleaseScriptCaches (1ms)
			RebuildScriptCaches (22ms)
			SetupLoadedEditorAssemblies (178ms)
				LogAssemblyErrors (0ms)
				InitializePlatformSupportModulesInManaged (4ms)
				SetLoadedEditorAssemblies (0ms)
				RefreshPlugins (0ms)
				BeforeProcessingInitializeOnLoad (33ms)
				ProcessInitializeOnLoadAttributes (132ms)
				ProcessInitializeOnLoadMethodAttributes (3ms)
				AfterProcessingInitializeOnLoad (5ms)
				EditorAssembliesLoaded (0ms)
			ExecutionOrderSort2 (0ms)
			AwakeInstancesAfterBackupRestoration (5ms)
Platform modules already initialized, skipping
Refreshing native plugins compatible for Editor in 0.30 ms, found 2 plugins.
Preloading 0 native plugins for Editor in 0.00 ms.
Unloading 1395 Unused Serialized files (Serialized files now loaded: 0)
System memory in use before: 68.2 MB.
System memory in use after: 68.3 MB.

Unloading 11 unused Assets to reduce memory usage. Loaded Objects now: 1891.
Total: 2.235200 ms (FindLiveObjects: 0.148600 ms CreateObjectMapping: 0.053900 ms MarkObjects: 2.017800 ms  DeleteObjects: 0.013800 ms)

AssetImportParameters requested are different than current active one (requested -> active):
  custom:framework-win-MediaFoundation: 216162199b28c13a410421893ffa2e32 -> 
  custom:video-decoder-ogg-theora: a1e56fd34408186e4bbccfd4996cb3dc -> 
  custom:container-muxer-webm: aa71ff27fc2769a1b78a27578f13a17b -> 
  custom:container-demuxer-webm: 4f35f7cbe854078d1ac9338744f61a02 -> 
  custom:container-demuxer-ogg: 62fdf1f143b41e24485cea50d1cbac27 -> 
  custom:video-encoder-webm-vp8: eb34c28f22e8b96e1ab97ce403110664 -> 
  custom:video-decoder-webm-vp8: 9c59270c3fd7afecdb556c50c9e8de78 -> 
  custom:audio-decoder-ogg-vorbis: bf7c407c2cedff20999df2af8eb42d56 -> 
  custom:audio-encoder-webm-vorbis: bf7c407c2cedff20999df2af8eb42d56 -> 
========================================================================
Received Import Request.
  Time since last request: 862.317301 seconds.
  path: Assets/shader/RockPaperScissors.compute
  artifactKey: Guid(e12d44af8971c254b91726e1d6a8d2b0) Importer(815301076,1909f56bfc062723c751e8b465ee728b)
Start importing Assets/shader/RockPaperScissors.compute using Guid(e12d44af8971c254b91726e1d6a8d2b0) Importer(815301076,1909f56bfc062723c751e8b465ee728b)  -> (artifact id: 'e5d034200f29e7cdf2fb030a59710c53') in 0.014040 seconds 
  Import took 0.016656 seconds .

========================================================================
Received Import Request.
  Time since last request: 71.457737 seconds.
  path: Assets/viz/ReactionDiffusionView.shader
  artifactKey: Guid(241b7590b75036941ac3f98df4c81107) Importer(815301076,1909f56bfc062723c751e8b465ee728b)
Start importing Assets/viz/ReactionDiffusionView.shader using Guid(241b7590b75036941ac3f98df4c81107) Importer(815301076,1909f56bfc062723c751e8b465ee728b)  -> (artifact id: '1f26d1fa7e3b0d24d25670e77283ab9d') in 0.006396 seconds 
  Import took 0.008456 seconds .

========================================================================
Received Import Request.
  Time since last request: 13.923277 seconds.
  path: Assets/Scripts/conway.cs
  artifactKey: Guid(c4a9c018218c5bc48b98fa8fe62e728d) Importer(815301076,1909f56bfc062723c751e8b465ee728b)
Start importing Assets/Scripts/conway.cs using Guid(c4a9c018218c5bc48b98fa8fe62e728d) Importer(815301076,1909f56bfc062723c751e8b465ee728b)  -> (artifact id: 'e10baf395d463b376ba5a9599614faa3') in 0.005132 seconds 
  Import took 0.007810 seconds .

========================================================================
Received Import Request.
  Time since last request: 131.047520 seconds.
  path: Assets/shader/RockPaperScissors.compute
  artifactKey: Guid(e12d44af8971c254b91726e1d6a8d2b0) Importer(815301076,1909f56bfc062723c751e8b465ee728b)
Start importing Assets/shader/RockPaperScissors.compute using Guid(e12d44af8971c254b91726e1d6a8d2b0) Importer(815301076,1909f56bfc062723c751e8b465ee728b)  -> (artifact id: 'd43d9d4ff1277d08616014d31088af02') in 0.002049 seconds 
  Import took 0.004565 seconds .

========================================================================
Received Prepare
Registering precompiled user dll's ...
Registered in 0.001960 seconds.
Begin MonoManager ReloadAssembly
Native extension for WindowsStandalone target not found
Refreshing native plugins compatible for Editor in 0.29 ms, found 2 plugins.
Preloading 0 native plugins for Editor in 0.00 ms.
Mono: successfully reloaded assembly
- Completed reload, in  0.602 seconds
Domain Reload Profiling:
	ReloadAssembly (602ms)
		BeginReloadAssembly (77ms)
			ExecutionOrderSort (0ms)
			DisableScriptedObjects (3ms)
			BackupInstance (0ms)
			ReleaseScriptingObjects (0ms)
			CreateAndSetChildDomain (25ms)
		EndReloadAssembly (481ms)
			LoadAssemblies (55ms)
			RebuildTransferFunctionScriptingTraits (0ms)
			SetupTypeCache (161ms)
			ReleaseScriptCaches (1ms)
			RebuildScriptCaches (24ms)
			SetupLoadedEditorAssemblies (181ms)
				LogAssemblyErrors (0ms)
				InitializePlatformSupportModulesInManaged (4ms)
				SetLoadedEditorAssemblies (0ms)
				RefreshPlugins (0ms)
				BeforeProcessingInitializeOnLoad (34ms)
				ProcessInitializeOnLoadAttributes (135ms)
				ProcessInitializeOnLoadMethodAttributes (3ms)
				AfterProcessingInitializeOnLoad (5ms)
				EditorAssembliesLoaded (0ms)
			ExecutionOrderSort2 (0ms)
			AwakeInstancesAfterBackupRestoration (5ms)
Platform modules already initialized, skipping
Refreshing native plugins compatible for Editor in 0.28 ms, found 2 plugins.
Preloading 0 native plugins for Editor in 0.00 ms.
Unloading 1395 Unused Serialized files (Serialized files now loaded: 0)
System memory in use before: 68.2 MB.
System memory in use after: 68.3 MB.

Unloading 11 unused Assets to reduce memory usage. Loaded Objects now: 1893.
Total: 2.573300 ms (FindLiveObjects: 0.149200 ms CreateObjectMapping: 0.051000 ms MarkObjects: 2.358400 ms  DeleteObjects: 0.013900 ms)

AssetImportParameters requested are different than current active one (requested -> active):
  custom:framework-win-MediaFoundation: 216162199b28c13a410421893ffa2e32 -> 
  custom:video-decoder-ogg-theora: a1e56fd34408186e4bbccfd4996cb3dc -> 
  custom:container-muxer-webm: aa71ff27fc2769a1b78a27578f13a17b -> 
  custom:container-demuxer-webm: 4f35f7cbe854078d1ac9338744f61a02 -> 
  custom:container-demuxer-ogg: 62fdf1f143b41e24485cea50d1cbac27 -> 
  custom:video-encoder-webm-vp8: eb34c28f22e8b96e1ab97ce403110664 -> 
  custom:video-decoder-webm-vp8: 9c59270c3fd7afecdb556c50c9e8de78 -> 
  custom:audio-decoder-ogg-vorbis: bf7c407c2cedff20999df2af8eb42d56 -> 
  custom:audio-encoder-webm-vorbis: bf7c407c2cedff20999df2af8eb42d56 -> 
========================================================================
Received Import Request.
  Time since last request: 74.805286 seconds.
  path: Assets/shader/RockPaperScissors.compute
  artifactKey: Guid(e12d44af8971c254b91726e1d6a8d2b0) Importer(815301076,1909f56bfc062723c751e8b465ee728b)
Start importing Assets/shader/RockPaperScissors.compute using Guid(e12d44af8971c254b91726e1d6a8d2b0) Importer(815301076,1909f56bfc062723c751e8b465ee728b)  -> (artifact id: '9c1924642019d2405c91f73f7a090945') in 0.008353 seconds 
  Import took 0.010356 seconds .

========================================================================
Received Prepare
Registering precompiled user dll's ...
Registered in 0.002247 seconds.
Begin MonoManager ReloadAssembly
Native extension for WindowsStandalone target not found
Refreshing native plugins compatible for Editor in 0.31 ms, found 2 plugins.
Preloading 0 native plugins for Editor in 0.00 ms.
Mono: successfully reloaded assembly
- Completed reload, in  0.602 seconds
Domain Reload Profiling:
	ReloadAssembly (602ms)
		BeginReloadAssembly (84ms)
			ExecutionOrderSort (0ms)
			DisableScriptedObjects (3ms)
			BackupInstance (0ms)
			ReleaseScriptingObjects (0ms)
			CreateAndSetChildDomain (24ms)
		EndReloadAssembly (475ms)
			LoadAssemblies (54ms)
			RebuildTransferFunctionScriptingTraits (0ms)
			SetupTypeCache (162ms)
			ReleaseScriptCaches (1ms)
			RebuildScriptCaches (22ms)
			SetupLoadedEditorAssemblies (177ms)
				LogAssemblyErrors (0ms)
				InitializePlatformSupportModulesInManaged (4ms)
				SetLoadedEditorAssemblies (0ms)
				RefreshPlugins (0ms)
				BeforeProcessingInitializeOnLoad (33ms)
				ProcessInitializeOnLoadAttributes (132ms)
				ProcessInitializeOnLoadMethodAttributes (3ms)
				AfterProcessingInitializeOnLoad (5ms)
				EditorAssembliesLoaded (0ms)
			ExecutionOrderSort2 (0ms)
			AwakeInstancesAfterBackupRestoration (5ms)
Platform modules already initialized, skipping
Refreshing native plugins compatible for Editor in 0.26 ms, found 2 plugins.
Preloading 0 native plugins for Editor in 0.00 ms.
Unloading 1395 Unused Serialized files (Serialized files now loaded: 0)
System memory in use before: 68.2 MB.
System memory in use after: 68.3 MB.

Unloading 11 unused Assets to reduce memory usage. Loaded Objects now: 1895.
Total: 2.252800 ms (FindLiveObjects: 0.133600 ms CreateObjectMapping: 0.031800 ms MarkObjects: 2.074300 ms  DeleteObjects: 0.012500 ms)

AssetImportParameters requested are different than current active one (requested -> active):
  custom:framework-win-MediaFoundation: 216162199b28c13a410421893ffa2e32 -> 
  custom:video-decoder-ogg-theora: a1e56fd34408186e4bbccfd4996cb3dc -> 
  custom:container-muxer-webm: aa71ff27fc2769a1b78a27578f13a17b -> 
  custom:container-demuxer-webm: 4f35f7cbe854078d1ac9338744f61a02 -> 
  custom:container-demuxer-ogg: 62fdf1f143b41e24485cea50d1cbac27 -> 
  custom:video-encoder-webm-vp8: eb34c28f22e8b96e1ab97ce403110664 -> 
  custom:video-decoder-webm-vp8: 9c59270c3fd7afecdb556c50c9e8de78 -> 
  custom:audio-decoder-ogg-vorbis: bf7c407c2cedff20999df2af8eb42d56 -> 
  custom:audio-encoder-webm-vorbis: bf7c407c2cedff20999df2af8eb42d56 -> 
========================================================================
Received Import Request.
  Time since last request: 33.944151 seconds.
  path: Assets/shader/RockPaperScissors.compute
  artifactKey: Guid(e12d44af8971c254b91726e1d6a8d2b0) Importer(815301076,1909f56bfc062723c751e8b465ee728b)
Start importing Assets/shader/RockPaperScissors.compute using Guid(e12d44af8971c254b91726e1d6a8d2b0) Importer(815301076,1909f56bfc062723c751e8b465ee728b)  -> (artifact id: '041c8913a5e4e5cfbc8bb088e7bc9162') in 0.008143 seconds 
  Import took 0.009936 seconds .

========================================================================
Received Import Request.
  Time since last request: 8.207832 seconds.
  path: Assets/shader/RockPaperScissors.compute
  artifactKey: Guid(e12d44af8971c254b91726e1d6a8d2b0) Importer(815301076,1909f56bfc062723c751e8b465ee728b)
Start importing Assets/shader/RockPaperScissors.compute using Guid(e12d44af8971c254b91726e1d6a8d2b0) Importer(815301076,1909f56bfc062723c751e8b465ee728b)  -> (artifact id: 'f6b3f40febfe9835304b1d8ebcfdffb4') in 0.002649 seconds 
  Import took 0.004901 seconds .

