Base path: 'C:/Users/15103/Desktop/environment/2020.3.16f1/Editor/Data', plugins path 'C:/Users/15103/Desktop/environment/2020.3.16f1/Editor/Data/PlaybackEngines'
Cmd: initializeCompiler

Cmd: compileComputeKernel
  insize=2110 file=F:/Documents/Woodbury/2021 Fall/CSMA 302 - Advanced Programming/Assignments + Projects/Assignment 3/csma_302_3/Assets/shader/rockPaperScissors.compute kernel=CSMain cachingPP=1 ppOnly=0 stripLineD=0 buildPlatform=19 km=<UNITY_VERSION=202039> pKW=UNITY_ENABLE_REFLECTION_BUFFERS UNITY_USE_DITHER_MASK_FOR_ALPHABLENDED_SHADOWS UNITY_PBS_USE_BRDF1 UNITY_SPECCUBE_BOX_PROJECTION UNITY_SPECCUBE_BLENDING UNITY_ENABLE_DETAIL_NORMALMAP SHADER_API_DESKTOP UNITY_COLORSPACE_GAMMA UNITY_LIGHT_PROBE_PROXY_VOLUME UNITY_LIGHTMAP_FULL_HDR uKW=SHADER_STAGE_COMPUTE platform=d3d11 flags=0  error: 1 plat 4 at rockPaperScissors.compute(49): 'dx': loop control variable conflicts with a previous declaration in the outer scope; most recent declaration will be used
  error: 2 plat 4 at rockPaperScissors.compute(51): undeclared identifier 'redX'
 ok=0 outsize=0

Cmd: compileComputeKernel
  insize=2100 file=F:/Documents/Woodbury/2021 Fall/CSMA 302 - Advanced Programming/Assignments + Projects/Assignment 3/csma_302_3/Assets/shader/rockPaperScissors.compute kernel=CSMain cachingPP=1 ppOnly=0 stripLineD=0 buildPlatform=19 km=<UNITY_VERSION=202039> pKW=UNITY_ENABLE_REFLECTION_BUFFERS UNITY_USE_DITHER_MASK_FOR_ALPHABLENDED_SHADOWS UNITY_PBS_USE_BRDF1 UNITY_SPECCUBE_BOX_PROJECTION UNITY_SPECCUBE_BLENDING UNITY_ENABLE_DETAIL_NORMALMAP SHADER_API_DESKTOP UNITY_COLORSPACE_GAMMA UNITY_LIGHT_PROBE_PROXY_VOLUME UNITY_LIGHTMAP_FULL_HDR uKW=SHADER_STAGE_COMPUTE platform=d3d11 flags=0  error: 2 plat 4 at rockPaperScissors.compute(40): infinite loop detected - loop never exits
  error: 1 plat 4 at rockPaperScissors.compute(49): 'dx': loop control variable conflicts with a previous declaration in the outer scope; most recent declaration will be used
  error: 1 plat 4 at rockPaperScissors.compute(58): 'dx': loop control variable conflicts with a previous declaration in the outer scope; most recent declaration will be used
 ok=0 outsize=0

Cmd: compileComputeKernel
  insize=2226 file=F:/Documents/Woodbury/2021 Fall/CSMA 302 - Advanced Programming/Assignments + Projects/Assignment 3/csma_302_3/Assets/shader/rockPaperScissors.compute kernel=CSMain cachingPP=1 ppOnly=0 stripLineD=0 buildPlatform=19 km=<UNITY_VERSION=202039> pKW=UNITY_ENABLE_REFLECTION_BUFFERS UNITY_USE_DITHER_MASK_FOR_ALPHABLENDED_SHADOWS UNITY_PBS_USE_BRDF1 UNITY_SPECCUBE_BOX_PROJECTION UNITY_SPECCUBE_BLENDING UNITY_ENABLE_DETAIL_NORMALMAP SHADER_API_DESKTOP UNITY_COLORSPACE_GAMMA UNITY_LIGHT_PROBE_PROXY_VOLUME UNITY_LIGHTMAP_FULL_HDR uKW=SHADER_STAGE_COMPUTE platform=d3d11 flags=0  error: 1 plat 4 at rockPaperScissors.compute(49): 'dx': loop control variable conflicts with a previous declaration in the outer scope; most recent declaration will be used
  error: 1 plat 4 at rockPaperScissors.compute(58): 'dx': loop control variable conflicts with a previous declaration in the outer scope; most recent declaration will be used
 ok=1 outsize=406

Cmd: compileComputeKernel
  insize=2225 file=F:/Documents/Woodbury/2021 Fall/CSMA 302 - Advanced Programming/Assignments + Projects/Assignment 3/csma_302_3/Assets/shader/rockPaperScissors.compute kernel=CSMain cachingPP=1 ppOnly=0 stripLineD=0 buildPlatform=19 km=<UNITY_VERSION=202039> pKW=UNITY_ENABLE_REFLECTION_BUFFERS UNITY_USE_DITHER_MASK_FOR_ALPHABLENDED_SHADOWS UNITY_PBS_USE_BRDF1 UNITY_SPECCUBE_BOX_PROJECTION UNITY_SPECCUBE_BLENDING UNITY_ENABLE_DETAIL_NORMALMAP SHADER_API_DESKTOP UNITY_COLORSPACE_GAMMA UNITY_LIGHT_PROBE_PROXY_VOLUME UNITY_LIGHTMAP_FULL_HDR uKW=SHADER_STAGE_COMPUTE platform=d3d11 flags=0  error: 1 plat 4 at rockPaperScissors.compute(49): 'dx': loop control variable conflicts with a previous declaration in the outer scope; most recent declaration will be used
  error: 1 plat 4 at rockPaperScissors.compute(58): 'dx': loop control variable conflicts with a previous declaration in the outer scope; most recent declaration will be used
 ok=1 outsize=406

Cmd: compileComputeKernel
  insize=4141 file=F:/Documents/Woodbury/2021 Fall/CSMA 302 - Advanced Programming/Assignments + Projects/Assignment 3/csma_302_3/Assets/shader/rockPaperScissors.compute kernel=CSMain cachingPP=1 ppOnly=0 stripLineD=0 buildPlatform=19 km=<UNITY_VERSION=202039> pKW=UNITY_ENABLE_REFLECTION_BUFFERS UNITY_USE_DITHER_MASK_FOR_ALPHABLENDED_SHADOWS UNITY_PBS_USE_BRDF1 UNITY_SPECCUBE_BOX_PROJECTION UNITY_SPECCUBE_BLENDING UNITY_ENABLE_DETAIL_NORMALMAP SHADER_API_DESKTOP UNITY_COLORSPACE_GAMMA UNITY_LIGHT_PROBE_PROXY_VOLUME UNITY_LIGHTMAP_FULL_HDR uKW=SHADER_STAGE_COMPUTE platform=d3d11 flags=0 ok=1 outsize=1683

Cmd: compileComputeKernel
  insize=4682 file=F:/Documents/Woodbury/2021 Fall/CSMA 302 - Advanced Programming/Assignments + Projects/Assignment 3/csma_302_3/Assets/shader/rockPaperScissors.compute kernel=CSMain cachingPP=1 ppOnly=0 stripLineD=0 buildPlatform=19 km=<UNITY_VERSION=202039> pKW=UNITY_ENABLE_REFLECTION_BUFFERS UNITY_USE_DITHER_MASK_FOR_ALPHABLENDED_SHADOWS UNITY_PBS_USE_BRDF1 UNITY_SPECCUBE_BOX_PROJECTION UNITY_SPECCUBE_BLENDING UNITY_ENABLE_DETAIL_NORMALMAP SHADER_API_DESKTOP UNITY_COLORSPACE_GAMMA UNITY_LIGHT_PROBE_PROXY_VOLUME UNITY_LIGHTMAP_FULL_HDR uKW=SHADER_STAGE_COMPUTE platform=d3d11 flags=0 ok=1 outsize=1875

Cmd: compileComputeKernel
  insize=2451 file=F:/Documents/Woodbury/2021 Fall/CSMA 302 - Advanced Programming/Assignments + Projects/Assignment 3/csma_302_3/Assets/shader/rockPaperScissors.compute kernel=CSMain cachingPP=1 ppOnly=0 stripLineD=0 buildPlatform=19 km=<UNITY_VERSION=202039> pKW=UNITY_ENABLE_REFLECTION_BUFFERS UNITY_USE_DITHER_MASK_FOR_ALPHABLENDED_SHADOWS UNITY_PBS_USE_BRDF1 UNITY_SPECCUBE_BOX_PROJECTION UNITY_SPECCUBE_BLENDING UNITY_ENABLE_DETAIL_NORMALMAP SHADER_API_DESKTOP UNITY_COLORSPACE_GAMMA UNITY_LIGHT_PROBE_PROXY_VOLUME UNITY_LIGHTMAP_FULL_HDR uKW=SHADER_STAGE_COMPUTE platform=d3d11 flags=0 ok=1 outsize=3179

Cmd: compileComputeKernel
  insize=2383 file=F:/Documents/Woodbury/2021 Fall/CSMA 302 - Advanced Programming/Assignments + Projects/Assignment 3/csma_302_3/Assets/shader/rockPaperScissors.compute kernel=CSMain cachingPP=1 ppOnly=0 stripLineD=0 buildPlatform=19 km=<UNITY_VERSION=202039> pKW=UNITY_ENABLE_REFLECTION_BUFFERS UNITY_USE_DITHER_MASK_FOR_ALPHABLENDED_SHADOWS UNITY_PBS_USE_BRDF1 UNITY_SPECCUBE_BOX_PROJECTION UNITY_SPECCUBE_BLENDING UNITY_ENABLE_DETAIL_NORMALMAP SHADER_API_DESKTOP UNITY_COLORSPACE_GAMMA UNITY_LIGHT_PROBE_PROXY_VOLUME UNITY_LIGHTMAP_FULL_HDR uKW=SHADER_STAGE_COMPUTE platform=d3d11 flags=0  error: 1 plat 4 at rockPaperScissors.compute(74): implicit truncation of vector type
  error: 1 plat 4 at rockPaperScissors.compute(75): implicit truncation of vector type
  error: 1 plat 4 at rockPaperScissors.compute(82): implicit truncation of vector type
  error: 1 plat 4 at rockPaperScissors.compute(83): implicit truncation of vector type
 ok=1 outsize=406

Cmd: compileComputeKernel
  insize=2470 file=F:/Documents/Woodbury/2021 Fall/CSMA 302 - Advanced Programming/Assignments + Projects/Assignment 3/csma_302_3/Assets/shader/rockPaperScissors.compute kernel=CSMain cachingPP=1 ppOnly=0 stripLineD=0 buildPlatform=19 km=<UNITY_VERSION=202039> pKW=UNITY_ENABLE_REFLECTION_BUFFERS UNITY_USE_DITHER_MASK_FOR_ALPHABLENDED_SHADOWS UNITY_PBS_USE_BRDF1 UNITY_SPECCUBE_BOX_PROJECTION UNITY_SPECCUBE_BLENDING UNITY_ENABLE_DETAIL_NORMALMAP SHADER_API_DESKTOP UNITY_COLORSPACE_GAMMA UNITY_LIGHT_PROBE_PROXY_VOLUME UNITY_LIGHTMAP_FULL_HDR uKW=SHADER_STAGE_COMPUTE platform=d3d11 flags=0 ok=1 outsize=3343

Cmd: compileComputeKernel
  insize=2476 file=F:/Documents/Woodbury/2021 Fall/CSMA 302 - Advanced Programming/Assignments + Projects/Assignment 3/csma_302_3/Assets/shader/rockPaperScissors.compute kernel=CSMain cachingPP=1 ppOnly=0 stripLineD=0 buildPlatform=19 km=<UNITY_VERSION=202039> pKW=UNITY_ENABLE_REFLECTION_BUFFERS UNITY_USE_DITHER_MASK_FOR_ALPHABLENDED_SHADOWS UNITY_PBS_USE_BRDF1 UNITY_SPECCUBE_BOX_PROJECTION UNITY_SPECCUBE_BLENDING UNITY_ENABLE_DETAIL_NORMALMAP SHADER_API_DESKTOP UNITY_COLORSPACE_GAMMA UNITY_LIGHT_PROBE_PROXY_VOLUME UNITY_LIGHTMAP_FULL_HDR uKW=SHADER_STAGE_COMPUTE platform=d3d11 flags=0 ok=1 outsize=3251

Cmd: compileComputeKernel
  insize=2371 file=F:/Documents/Woodbury/2021 Fall/CSMA 302 - Advanced Programming/Assignments + Projects/Assignment 3/csma_302_3/Assets/shader/rockPaperScissors.compute kernel=CSMain cachingPP=1 ppOnly=0 stripLineD=0 buildPlatform=19 km=<UNITY_VERSION=202039> pKW=UNITY_ENABLE_REFLECTION_BUFFERS UNITY_USE_DITHER_MASK_FOR_ALPHABLENDED_SHADOWS UNITY_PBS_USE_BRDF1 UNITY_SPECCUBE_BOX_PROJECTION UNITY_SPECCUBE_BLENDING UNITY_ENABLE_DETAIL_NORMALMAP SHADER_API_DESKTOP UNITY_COLORSPACE_GAMMA UNITY_LIGHT_PROBE_PROXY_VOLUME UNITY_LIGHTMAP_FULL_HDR uKW=SHADER_STAGE_COMPUTE platform=d3d11 flags=0  error: 2 plat 4 at rockPaperScissors.compute(73): syntax error: unexpected token ')'
  error: 2 plat 4 at rockPaperScissors.compute(80): syntax error: unexpected token 'if'
 ok=0 outsize=0

Cmd: shutdown
